{"D:\\programming\\chat-app\\backend\\src\\server.ts": {"path":"D:\\programming\\chat-app\\backend\\src\\server.ts","statementMap":{"0":{"start":{"line":1,"column":0},"end":{"line":1,"column":35}},"1":{"start":{"line":2,"column":0},"end":{"line":2,"column":29}},"2":{"start":{"line":3,"column":0},"end":{"line":3,"column":50}},"3":{"start":{"line":4,"column":0},"end":{"line":4,"column":35}},"4":{"start":{"line":5,"column":12},"end":{"line":5,"column":21}},"5":{"start":{"line":23,"column":9},"end":{"line":23,"column":12}},"6":{"start":{"line":6,"column":17},"end":{"line":6,"column":53}},"7":{"start":{"line":8,"column":0},"end":{"line":8,"column":16}},"8":{"start":{"line":9,"column":0},"end":{"line":9,"column":24}},"9":{"start":{"line":10,"column":0},"end":{"line":10,"column":48}},"10":{"start":{"line":12,"column":0},"end":{"line":12,"column":12}},"11":{"start":{"line":13,"column":0},"end":{"line":13,"column":19}},"12":{"start":{"line":15,"column":21},"end":{"line":15,"column":25}},"13":{"start":{"line":17,"column":0},"end":{"line":21,"column":null}},"14":{"start":{"line":18,"column":2},"end":{"line":20,"column":5}},"15":{"start":{"line":19,"column":4},"end":{"line":19,"column":45}}},"fnMap":{"0":{"name":"(anonymous_0)","decl":{"start":{"line":18,"column":19},"end":{"line":18,"column":null}},"loc":{"start":{"line":18,"column":19},"end":{"line":20,"column":3}}}},"branchMap":{"0":{"loc":{"start":{"line":17,"column":0},"end":{"line":21,"column":null}},"type":"if","locations":[{"start":{"line":17,"column":0},"end":{"line":21,"column":null}}]}},"s":{"0":2,"1":2,"2":2,"3":2,"4":2,"5":2,"6":2,"7":2,"8":2,"9":2,"10":2,"11":2,"12":2,"13":2,"14":0,"15":0},"f":{"0":0},"b":{"0":[0]}}
,"D:\\programming\\chat-app\\backend\\src\\connection\\dbConnection.ts": {"path":"D:\\programming\\chat-app\\backend\\src\\connection\\dbConnection.ts","statementMap":{"0":{"start":{"line":1,"column":0},"end":{"line":1,"column":37}},"1":{"start":{"line":2,"column":19},"end":{"line":2,"column":56}},"2":{"start":{"line":4,"column":18},"end":{"line":8,"column":1}},"3":{"start":{"line":5,"column":2},"end":{"line":7,"column":5}},"4":{"start":{"line":9,"column":0},"end":{"line":9,"column":25}}},"fnMap":{"0":{"name":"(anonymous_0)","decl":{"start":{"line":4,"column":18},"end":{"line":4,"column":null}},"loc":{"start":{"line":4,"column":18},"end":{"line":8,"column":1}}}},"branchMap":{},"s":{"0":2,"1":2,"2":2,"3":2,"4":2},"f":{"0":2},"b":{}}
,"D:\\programming\\chat-app\\backend\\src\\connection\\wsConnection.ts": {"path":"D:\\programming\\chat-app\\backend\\src\\connection\\wsConnection.ts","statementMap":{"0":{"start":{"line":2,"column":0},"end":{"line":2,"column":45}},"1":{"start":{"line":3,"column":16},"end":{"line":3,"column":20}},"2":{"start":{"line":4,"column":0},"end":{"line":6,"column":null}},"3":{"start":{"line":5,"column":2},"end":{"line":5,"column":26}},"4":{"start":{"line":7,"column":11},"end":{"line":11,"column":2}},"5":{"start":{"line":13,"column":0},"end":{"line":62,"column":3}},"6":{"start":{"line":14,"column":2},"end":{"line":16,"column":5}},"7":{"start":{"line":14,"column":39},"end":{"line":14,"column":41}},"8":{"start":{"line":15,"column":4},"end":{"line":15,"column":22}},"9":{"start":{"line":18,"column":2},"end":{"line":40,"column":4}},"10":{"start":{"line":21,"column":18},"end":{"line":21,"column":null}},"11":{"start":{"line":22,"column":12},"end":{"line":22,"column":null}},"12":{"start":{"line":23,"column":13},"end":{"line":23,"column":null}},"13":{"start":{"line":29,"column":23},"end":{"line":31,"column":null}},"14":{"start":{"line":29,"column":12},"end":{"line":31,"column":null}},"15":{"start":{"line":32,"column":12},"end":{"line":32,"column":30}},"16":{"start":{"line":33,"column":12},"end":{"line":33,"column":62}},"17":{"start":{"line":34,"column":6},"end":{"line":38,"column":9}},"18":{"start":{"line":35,"column":8},"end":{"line":37,"column":11}},"19":{"start":{"line":42,"column":2},"end":{"line":44,"column":5}},"20":{"start":{"line":42,"column":35},"end":{"line":42,"column":37}},"21":{"start":{"line":43,"column":4},"end":{"line":43,"column":25}},"22":{"start":{"line":46,"column":2},"end":{"line":48,"column":5}},"23":{"start":{"line":46,"column":27},"end":{"line":46,"column":29}},"24":{"start":{"line":47,"column":4},"end":{"line":47,"column":22}},"25":{"start":{"line":50,"column":2},"end":{"line":52,"column":5}},"26":{"start":{"line":51,"column":4},"end":{"line":51,"column":30}},"27":{"start":{"line":54,"column":2},"end":{"line":57,"column":5}},"28":{"start":{"line":54,"column":45},"end":{"line":54,"column":47}},"29":{"start":{"line":54,"column":55},"end":{"line":54,"column":57}},"30":{"start":{"line":55,"column":4},"end":{"line":55,"column":37}},"31":{"start":{"line":55,"column":30},"end":{"line":55,"column":37}},"32":{"start":{"line":56,"column":4},"end":{"line":56,"column":48}},"33":{"start":{"line":59,"column":2},"end":{"line":61,"column":5}},"34":{"start":{"line":60,"column":4},"end":{"line":60,"column":55}},"35":{"start":{"line":64,"column":0},"end":{"line":64,"column":20}}},"fnMap":{"0":{"name":"(anonymous_13)","decl":{"start":{"line":13,"column":20},"end":{"line":13,"column":21}},"loc":{"start":{"line":13,"column":35},"end":{"line":62,"column":1}}},"1":{"name":"(anonymous_14)","decl":{"start":{"line":14,"column":32},"end":{"line":14,"column":33}},"loc":{"start":{"line":14,"column":41},"end":{"line":16,"column":3}}},"2":{"name":"(anonymous_15)","decl":{"start":{"line":20,"column":4},"end":{"line":20,"column":11}},"loc":{"start":{"line":28,"column":5},"end":{"line":39,"column":null}}},"3":{"name":"(anonymous_18)","decl":{"start":{"line":34,"column":34},"end":{"line":34,"column":35}},"loc":{"start":{"line":34,"column":47},"end":{"line":38,"column":7}}},"4":{"name":"(anonymous_19)","decl":{"start":{"line":42,"column":25},"end":{"line":42,"column":26}},"loc":{"start":{"line":42,"column":37},"end":{"line":44,"column":3}}},"5":{"name":"(anonymous_20)","decl":{"start":{"line":46,"column":20},"end":{"line":46,"column":21}},"loc":{"start":{"line":46,"column":29},"end":{"line":48,"column":3}}},"6":{"name":"(anonymous_21)","decl":{"start":{"line":50,"column":30},"end":{"line":50,"column":null}},"loc":{"start":{"line":50,"column":30},"end":{"line":52,"column":3}}},"7":{"name":"(anonymous_22)","decl":{"start":{"line":54,"column":35},"end":{"line":54,"column":36}},"loc":{"start":{"line":54,"column":57},"end":{"line":57,"column":3}}},"8":{"name":"(anonymous_23)","decl":{"start":{"line":59,"column":29},"end":{"line":59,"column":30}},"loc":{"start":{"line":59,"column":33},"end":{"line":61,"column":3}}}},"branchMap":{"0":{"loc":{"start":{"line":4,"column":0},"end":{"line":6,"column":null}},"type":"if","locations":[{"start":{"line":4,"column":0},"end":{"line":6,"column":null}}]},"1":{"loc":{"start":{"line":29,"column":23},"end":{"line":31,"column":null}},"type":"switch","locations":[{"start":{"line":29,"column":23},"end":{"line":31,"column":null}}]},"2":{"loc":{"start":{"line":55,"column":4},"end":{"line":55,"column":37}},"type":"if","locations":[{"start":{"line":55,"column":4},"end":{"line":55,"column":37}}]}},"s":{"0":2,"1":2,"2":2,"3":0,"4":2,"5":2,"6":0,"7":0,"8":0,"9":0,"10":0,"11":0,"12":0,"13":0,"14":0,"15":0,"16":0,"17":0,"18":0,"19":0,"20":0,"21":0,"22":0,"23":0,"24":0,"25":0,"26":0,"27":0,"28":0,"29":0,"30":0,"31":0,"32":0,"33":0,"34":0,"35":2},"f":{"0":0,"1":0,"2":0,"3":0,"4":0,"5":0,"6":0,"7":0,"8":0},"b":{"0":[0],"1":[0],"2":[0]}}
,"D:\\programming\\chat-app\\backend\\src\\helpers\\schema.ts": {"path":"D:\\programming\\chat-app\\backend\\src\\helpers\\schema.ts","statementMap":{"0":{"start":{"line":1,"column":0},"end":{"line":1,"column":27}},"1":{"start":{"line":3,"column":27},"end":{"line":8,"column":1}},"2":{"start":{"line":4,"column":17},"end":{"line":6,"column":4}},"3":{"start":{"line":7,"column":2},"end":{"line":7,"column":31}},"4":{"start":{"line":10,"column":0},"end":{"line":10,"column":34}}},"fnMap":{"0":{"name":"(anonymous_0)","decl":{"start":{"line":3,"column":27},"end":{"line":3,"column":28}},"loc":{"start":{"line":3,"column":37},"end":{"line":8,"column":1}}}},"branchMap":{},"s":{"0":2,"1":2,"2":3,"3":3,"4":2},"f":{"0":3},"b":{}}
,"D:\\programming\\chat-app\\backend\\src\\models\\Invites.model.ts": {"path":"D:\\programming\\chat-app\\backend\\src\\models\\Invites.model.ts","statementMap":{"0":{"start":{"line":1,"column":0},"end":{"line":1,"column":37}},"1":{"start":{"line":9,"column":21},"end":{"line":24,"column":2}},"2":{"start":{"line":26,"column":16},"end":{"line":26,"column":69}},"3":{"start":{"line":27,"column":0},"end":{"line":27,"column":23}}},"fnMap":{},"branchMap":{},"s":{"0":2,"1":2,"2":2,"3":2},"f":{},"b":{}}
,"D:\\programming\\chat-app\\backend\\src\\models\\Message.model.ts": {"path":"D:\\programming\\chat-app\\backend\\src\\models\\Message.model.ts","statementMap":{"0":{"start":{"line":1,"column":0},"end":{"line":1,"column":37}},"1":{"start":{"line":9,"column":22},"end":{"line":20,"column":null}},"2":{"start":{"line":23,"column":17},"end":{"line":23,"column":68}},"3":{"start":{"line":24,"column":0},"end":{"line":24,"column":24}}},"fnMap":{},"branchMap":{},"s":{"0":2,"1":2,"2":2,"3":2},"f":{},"b":{}}
,"D:\\programming\\chat-app\\backend\\src\\models\\User.model.ts": {"path":"D:\\programming\\chat-app\\backend\\src\\models\\User.model.ts","statementMap":{"0":{"start":{"line":1,"column":0},"end":{"line":1,"column":37}},"1":{"start":{"line":7,"column":19},"end":{"line":14,"column":2}},"2":{"start":{"line":16,"column":13},"end":{"line":16,"column":59}},"3":{"start":{"line":17,"column":0},"end":{"line":17,"column":20}}},"fnMap":{},"branchMap":{},"s":{"0":2,"1":2,"2":2,"3":2},"f":{},"b":{}}
,"D:\\programming\\chat-app\\backend\\src\\models\\chatRoom.model.ts": {"path":"D:\\programming\\chat-app\\backend\\src\\models\\chatRoom.model.ts","statementMap":{"0":{"start":{"line":1,"column":0},"end":{"line":1,"column":37}},"1":{"start":{"line":7,"column":23},"end":{"line":9,"column":2}},"2":{"start":{"line":11,"column":17},"end":{"line":11,"column":69}},"3":{"start":{"line":12,"column":0},"end":{"line":12,"column":24}}},"fnMap":{},"branchMap":{},"s":{"0":2,"1":2,"2":2,"3":2},"f":{},"b":{}}
,"D:\\programming\\chat-app\\backend\\src\\router\\router.ts": {"path":"D:\\programming\\chat-app\\backend\\src\\router\\router.ts","statementMap":{"0":{"start":{"line":1,"column":0},"end":{"line":1,"column":35}},"1":{"start":{"line":2,"column":14},"end":{"line":2,"column":30}},"2":{"start":{"line":4,"column":0},"end":{"line":4,"column":65}},"3":{"start":{"line":5,"column":0},"end":{"line":5,"column":68}},"4":{"start":{"line":6,"column":0},"end":{"line":6,"column":70}},"5":{"start":{"line":7,"column":0},"end":{"line":7,"column":62}},"6":{"start":{"line":9,"column":0},"end":{"line":9,"column":28}},"7":{"start":{"line":10,"column":0},"end":{"line":10,"column":29}},"8":{"start":{"line":11,"column":0},"end":{"line":11,"column":27}},"9":{"start":{"line":12,"column":0},"end":{"line":12,"column":25}},"10":{"start":{"line":14,"column":0},"end":{"line":14,"column":21}}},"fnMap":{},"branchMap":{},"s":{"0":2,"1":2,"2":2,"3":2,"4":2,"5":2,"6":2,"7":2,"8":2,"9":2,"10":2},"f":{},"b":{}}
,"D:\\programming\\chat-app\\backend\\src\\router\\chatRoom_route\\chatRoom_route.ts": {"path":"D:\\programming\\chat-app\\backend\\src\\router\\chatRoom_route\\chatRoom_route.ts","statementMap":{"0":{"start":{"line":1,"column":0},"end":{"line":1,"column":35}},"1":{"start":{"line":3,"column":0},"end":{"line":3,"column":48}},"2":{"start":{"line":4,"column":14},"end":{"line":4,"column":30}},"3":{"start":{"line":70,"column":9},"end":{"line":70,"column":14}},"4":{"start":{"line":5,"column":0},"end":{"line":19,"column":3}},"5":{"start":{"line":5,"column":58},"end":{"line":19,"column":2}},"6":{"start":{"line":7,"column":10},"end":{"line":7,"column":43}},"7":{"start":{"line":8,"column":21},"end":{"line":8,"column":null}},"8":{"start":{"line":8,"column":10},"end":{"line":8,"column":null}},"9":{"start":{"line":9,"column":4},"end":{"line":10,"column":79}},"10":{"start":{"line":10,"column":6},"end":{"line":10,"column":79}},"11":{"start":{"line":11,"column":4},"end":{"line":11,"column":46}},"12":{"start":{"line":13,"column":4},"end":{"line":17,"column":7}},"13":{"start":{"line":21,"column":0},"end":{"line":36,"column":3}},"14":{"start":{"line":21,"column":67},"end":{"line":36,"column":2}},"15":{"start":{"line":23,"column":10},"end":{"line":23,"column":39}},"16":{"start":{"line":25,"column":24},"end":{"line":25,"column":null}},"17":{"start":{"line":25,"column":10},"end":{"line":25,"column":null}},"18":{"start":{"line":26,"column":4},"end":{"line":27,"column":72}},"19":{"start":{"line":27,"column":6},"end":{"line":27,"column":72}},"20":{"start":{"line":28,"column":4},"end":{"line":28,"column":58}},"21":{"start":{"line":30,"column":4},"end":{"line":34,"column":7}}},"fnMap":{"0":{"name":"(anonymous_13)","decl":{"start":{"line":5,"column":24},"end":{"line":5,"column":31}},"loc":{"start":{"line":5,"column":58},"end":{"line":19,"column":2}}},"1":{"name":"(anonymous_14)","decl":{"start":{"line":5,"column":58},"end":{"line":5,"column":null}},"loc":{"start":{"line":5,"column":58},"end":{"line":19,"column":2}}},"2":{"name":"(anonymous_16)","decl":{"start":{"line":21,"column":33},"end":{"line":21,"column":40}},"loc":{"start":{"line":21,"column":67},"end":{"line":36,"column":2}}},"3":{"name":"(anonymous_17)","decl":{"start":{"line":21,"column":67},"end":{"line":21,"column":null}},"loc":{"start":{"line":21,"column":67},"end":{"line":36,"column":2}}}},"branchMap":{"0":{"loc":{"start":{"line":7,"column":22},"end":{"line":7,"column":42}},"type":"cond-expr","locations":[{"start":{"line":7,"column":31},"end":{"line":7,"column":33}},{"start":{"line":7,"column":31},"end":{"line":7,"column":42}}]},"1":{"loc":{"start":{"line":7,"column":22},"end":{"line":7,"column":33}},"type":"binary-expr","locations":[{"start":{"line":7,"column":22},"end":{"line":7,"column":33}},{"start":{"line":7,"column":31},"end":{"line":7,"column":33}}]},"2":{"loc":{"start":{"line":9,"column":4},"end":{"line":10,"column":79}},"type":"if","locations":[{"start":{"line":9,"column":4},"end":{"line":10,"column":79}}]},"3":{"loc":{"start":{"line":26,"column":4},"end":{"line":27,"column":72}},"type":"if","locations":[{"start":{"line":26,"column":4},"end":{"line":27,"column":72}}]},"4":{"loc":{"start":{"line":26,"column":8},"end":{"line":26,"column":47}},"type":"binary-expr","locations":[{"start":{"line":26,"column":8},"end":{"line":26,"column":20}},{"start":{"line":26,"column":24},"end":{"line":26,"column":47}}]}},"s":{"0":2,"1":2,"2":2,"3":2,"4":2,"5":0,"6":0,"7":0,"8":0,"9":0,"10":0,"11":0,"12":0,"13":2,"14":0,"15":0,"16":0,"17":0,"18":0,"19":0,"20":0,"21":0},"f":{"0":0,"1":0,"2":0,"3":0},"b":{"0":[0,0],"1":[0,0],"2":[0],"3":[0],"4":[0,0]}}
,"D:\\programming\\chat-app\\backend\\src\\router\\invite_route\\invite_route.ts": {"path":"D:\\programming\\chat-app\\backend\\src\\router\\invite_route\\invite_route.ts","statementMap":{"0":{"start":{"line":1,"column":0},"end":{"line":1,"column":35}},"1":{"start":{"line":3,"column":0},"end":{"line":3,"column":49}},"2":{"start":{"line":4,"column":0},"end":{"line":4,"column":44}},"3":{"start":{"line":5,"column":0},"end":{"line":5,"column":48}},"4":{"start":{"line":6,"column":14},"end":{"line":6,"column":30}},"5":{"start":{"line":170,"column":9},"end":{"line":170,"column":14}},"6":{"start":{"line":8,"column":0},"end":{"line":37,"column":3}},"7":{"start":{"line":8,"column":61},"end":{"line":37,"column":2}},"8":{"start":{"line":10,"column":10},"end":{"line":10,"column":31}},"9":{"start":{"line":11,"column":8},"end":{"line":11,"column":34}},"10":{"start":{"line":14,"column":6},"end":{"line":14,"column":12}},"11":{"start":{"line":15,"column":10},"end":{"line":18,"column":null}},"12":{"start":{"line":19,"column":10},"end":{"line":21,"column":null}},"13":{"start":{"line":13,"column":10},"end":{"line":21,"column":null}},"14":{"start":{"line":23,"column":4},"end":{"line":27,"column":null}},"15":{"start":{"line":24,"column":6},"end":{"line":26,"column":9}},"16":{"start":{"line":29,"column":4},"end":{"line":29,"column":45}},"17":{"start":{"line":31,"column":4},"end":{"line":35,"column":7}},"18":{"start":{"line":39,"column":0},"end":{"line":68,"column":3}},"19":{"start":{"line":39,"column":69},"end":{"line":68,"column":2}},"20":{"start":{"line":41,"column":10},"end":{"line":41,"column":31}},"21":{"start":{"line":42,"column":8},"end":{"line":42,"column":34}},"22":{"start":{"line":45,"column":6},"end":{"line":45,"column":12}},"23":{"start":{"line":46,"column":10},"end":{"line":49,"column":null}},"24":{"start":{"line":50,"column":10},"end":{"line":52,"column":null}},"25":{"start":{"line":44,"column":10},"end":{"line":52,"column":null}},"26":{"start":{"line":54,"column":4},"end":{"line":58,"column":null}},"27":{"start":{"line":55,"column":6},"end":{"line":57,"column":9}},"28":{"start":{"line":60,"column":4},"end":{"line":60,"column":45}},"29":{"start":{"line":62,"column":4},"end":{"line":66,"column":7}},"30":{"start":{"line":70,"column":0},"end":{"line":98,"column":3}},"31":{"start":{"line":70,"column":56},"end":{"line":98,"column":2}},"32":{"start":{"line":72,"column":10},"end":{"line":72,"column":27}},"33":{"start":{"line":73,"column":10},"end":{"line":73,"column":35}},"34":{"start":{"line":74,"column":27},"end":{"line":76,"column":null}},"35":{"start":{"line":74,"column":10},"end":{"line":76,"column":null}},"36":{"start":{"line":78,"column":4},"end":{"line":80,"column":null}},"37":{"start":{"line":79,"column":6},"end":{"line":79,"column":66}},"38":{"start":{"line":82,"column":25},"end":{"line":88,"column":null}},"39":{"start":{"line":82,"column":10},"end":{"line":88,"column":null}},"40":{"start":{"line":90,"column":4},"end":{"line":90,"column":47}},"41":{"start":{"line":92,"column":4},"end":{"line":96,"column":7}},"42":{"start":{"line":100,"column":0},"end":{"line":128,"column":3}},"43":{"start":{"line":100,"column":58},"end":{"line":128,"column":2}},"44":{"start":{"line":102,"column":10},"end":{"line":102,"column":27}},"45":{"start":{"line":103,"column":10},"end":{"line":103,"column":33}},"46":{"start":{"line":104,"column":10},"end":{"line":104,"column":33}},"47":{"start":{"line":105,"column":23},"end":{"line":109,"column":null}},"48":{"start":{"line":105,"column":10},"end":{"line":109,"column":null}},"49":{"start":{"line":111,"column":4},"end":{"line":113,"column":null}},"50":{"start":{"line":112,"column":6},"end":{"line":112,"column":67}},"51":{"start":{"line":115,"column":17},"end":{"line":117,"column":null}},"52":{"start":{"line":115,"column":10},"end":{"line":117,"column":null}},"53":{"start":{"line":119,"column":4},"end":{"line":119,"column":22}},"54":{"start":{"line":120,"column":4},"end":{"line":120,"column":51}},"55":{"start":{"line":122,"column":4},"end":{"line":126,"column":7}},"56":{"start":{"line":130,"column":0},"end":{"line":168,"column":3}},"57":{"start":{"line":130,"column":57},"end":{"line":168,"column":2}},"58":{"start":{"line":132,"column":17},"end":{"line":134,"column":null}},"59":{"start":{"line":132,"column":10},"end":{"line":134,"column":null}},"60":{"start":{"line":136,"column":4},"end":{"line":138,"column":null}},"61":{"start":{"line":137,"column":6},"end":{"line":137,"column":63}},"62":{"start":{"line":140,"column":32},"end":{"line":145,"column":null}},"63":{"start":{"line":140,"column":10},"end":{"line":145,"column":null}},"64":{"start":{"line":147,"column":4},"end":{"line":148,"column":61}},"65":{"start":{"line":148,"column":6},"end":{"line":148,"column":61}},"66":{"start":{"line":150,"column":4},"end":{"line":151,"column":80}},"67":{"start":{"line":151,"column":6},"end":{"line":151,"column":80}},"68":{"start":{"line":153,"column":20},"end":{"line":157,"column":null}},"69":{"start":{"line":153,"column":10},"end":{"line":157,"column":null}},"70":{"start":{"line":158,"column":4},"end":{"line":158,"column":25}},"71":{"start":{"line":160,"column":4},"end":{"line":160,"column":54}},"72":{"start":{"line":162,"column":4},"end":{"line":166,"column":7}}},"fnMap":{"0":{"name":"(anonymous_13)","decl":{"start":{"line":8,"column":27},"end":{"line":8,"column":34}},"loc":{"start":{"line":8,"column":61},"end":{"line":37,"column":2}}},"1":{"name":"(anonymous_14)","decl":{"start":{"line":8,"column":61},"end":{"line":8,"column":null}},"loc":{"start":{"line":8,"column":61},"end":{"line":37,"column":2}}},"2":{"name":"(anonymous_16)","decl":{"start":{"line":39,"column":35},"end":{"line":39,"column":42}},"loc":{"start":{"line":39,"column":69},"end":{"line":68,"column":2}}},"3":{"name":"(anonymous_17)","decl":{"start":{"line":39,"column":69},"end":{"line":39,"column":null}},"loc":{"start":{"line":39,"column":69},"end":{"line":68,"column":2}}},"4":{"name":"(anonymous_19)","decl":{"start":{"line":70,"column":22},"end":{"line":70,"column":29}},"loc":{"start":{"line":70,"column":56},"end":{"line":98,"column":2}}},"5":{"name":"(anonymous_20)","decl":{"start":{"line":70,"column":56},"end":{"line":70,"column":null}},"loc":{"start":{"line":70,"column":56},"end":{"line":98,"column":2}}},"6":{"name":"(anonymous_22)","decl":{"start":{"line":100,"column":24},"end":{"line":100,"column":31}},"loc":{"start":{"line":100,"column":58},"end":{"line":128,"column":2}}},"7":{"name":"(anonymous_23)","decl":{"start":{"line":100,"column":58},"end":{"line":100,"column":null}},"loc":{"start":{"line":100,"column":58},"end":{"line":128,"column":2}}},"8":{"name":"(anonymous_25)","decl":{"start":{"line":130,"column":23},"end":{"line":130,"column":30}},"loc":{"start":{"line":130,"column":57},"end":{"line":168,"column":2}}},"9":{"name":"(anonymous_26)","decl":{"start":{"line":130,"column":57},"end":{"line":130,"column":null}},"loc":{"start":{"line":130,"column":57},"end":{"line":168,"column":2}}}},"branchMap":{"0":{"loc":{"start":{"line":19,"column":10},"end":{"line":21,"column":null}},"type":"switch","locations":[{"start":{"line":19,"column":10},"end":{"line":21,"column":null}}]},"1":{"loc":{"start":{"line":14,"column":6},"end":{"line":14,"column":12}},"type":"if","locations":[{"start":{"line":14,"column":6},"end":{"line":14,"column":12}}]},"2":{"loc":{"start":{"line":23,"column":4},"end":{"line":27,"column":null}},"type":"if","locations":[{"start":{"line":23,"column":4},"end":{"line":27,"column":null}}]},"3":{"loc":{"start":{"line":23,"column":8},"end":{"line":23,"column":39}},"type":"binary-expr","locations":[{"start":{"line":23,"column":8},"end":{"line":23,"column":16}},{"start":{"line":23,"column":20},"end":{"line":23,"column":39}}]},"4":{"loc":{"start":{"line":50,"column":10},"end":{"line":52,"column":null}},"type":"switch","locations":[{"start":{"line":50,"column":10},"end":{"line":52,"column":null}}]},"5":{"loc":{"start":{"line":45,"column":6},"end":{"line":45,"column":12}},"type":"if","locations":[{"start":{"line":45,"column":6},"end":{"line":45,"column":12}}]},"6":{"loc":{"start":{"line":54,"column":4},"end":{"line":58,"column":null}},"type":"if","locations":[{"start":{"line":54,"column":4},"end":{"line":58,"column":null}}]},"7":{"loc":{"start":{"line":54,"column":8},"end":{"line":54,"column":39}},"type":"binary-expr","locations":[{"start":{"line":54,"column":8},"end":{"line":54,"column":16}},{"start":{"line":54,"column":20},"end":{"line":54,"column":39}}]},"8":{"loc":{"start":{"line":78,"column":4},"end":{"line":80,"column":null}},"type":"if","locations":[{"start":{"line":78,"column":4},"end":{"line":80,"column":null}}]},"9":{"loc":{"start":{"line":78,"column":8},"end":{"line":78,"column":34}},"type":"binary-expr","locations":[{"start":{"line":78,"column":8},"end":{"line":78,"column":23}},{"start":{"line":78,"column":27},"end":{"line":78,"column":34}}]},"10":{"loc":{"start":{"line":111,"column":4},"end":{"line":113,"column":null}},"type":"if","locations":[{"start":{"line":111,"column":4},"end":{"line":113,"column":null}}]},"11":{"loc":{"start":{"line":136,"column":4},"end":{"line":138,"column":null}},"type":"if","locations":[{"start":{"line":136,"column":4},"end":{"line":138,"column":null}}]},"12":{"loc":{"start":{"line":147,"column":4},"end":{"line":148,"column":61}},"type":"if","locations":[{"start":{"line":147,"column":4},"end":{"line":148,"column":61}}]},"13":{"loc":{"start":{"line":150,"column":4},"end":{"line":151,"column":80}},"type":"if","locations":[{"start":{"line":150,"column":4},"end":{"line":151,"column":80}}]}},"s":{"0":2,"1":2,"2":2,"3":2,"4":2,"5":2,"6":2,"7":1,"8":1,"9":1,"10":2,"11":0,"12":2,"13":1,"14":1,"15":0,"16":1,"17":0,"18":2,"19":0,"20":0,"21":0,"22":0,"23":0,"24":0,"25":0,"26":0,"27":0,"28":0,"29":0,"30":2,"31":0,"32":0,"33":0,"34":0,"35":0,"36":0,"37":0,"38":0,"39":0,"40":0,"41":0,"42":2,"43":0,"44":0,"45":0,"46":0,"47":0,"48":0,"49":0,"50":0,"51":0,"52":0,"53":0,"54":0,"55":0,"56":2,"57":0,"58":0,"59":0,"60":0,"61":0,"62":0,"63":0,"64":0,"65":0,"66":0,"67":0,"68":0,"69":0,"70":0,"71":0,"72":0},"f":{"0":1,"1":1,"2":0,"3":0,"4":0,"5":0,"6":0,"7":0,"8":0,"9":0},"b":{"0":[1],"1":[1],"2":[0],"3":[1,1],"4":[0],"5":[0],"6":[0],"7":[0,0],"8":[0],"9":[0,0],"10":[0],"11":[0],"12":[0],"13":[0]}}
,"D:\\programming\\chat-app\\backend\\src\\router\\messages_route\\messages.ts": {"path":"D:\\programming\\chat-app\\backend\\src\\router\\messages_route\\messages.ts","statementMap":{"0":{"start":{"line":1,"column":0},"end":{"line":1,"column":35}},"1":{"start":{"line":3,"column":0},"end":{"line":3,"column":50}},"2":{"start":{"line":4,"column":14},"end":{"line":4,"column":30}},"3":{"start":{"line":46,"column":9},"end":{"line":46,"column":14}},"4":{"start":{"line":6,"column":0},"end":{"line":23,"column":3}},"5":{"start":{"line":6,"column":66},"end":{"line":23,"column":2}},"6":{"start":{"line":8,"column":10},"end":{"line":8,"column":50}},"7":{"start":{"line":9,"column":10},"end":{"line":9,"column":54}},"8":{"start":{"line":10,"column":10},"end":{"line":10,"column":39}},"9":{"start":{"line":11,"column":21},"end":{"line":14,"column":null}},"10":{"start":{"line":11,"column":10},"end":{"line":14,"column":null}},"11":{"start":{"line":15,"column":10},"end":{"line":15,"column":43}},"12":{"start":{"line":16,"column":4},"end":{"line":16,"column":49}},"13":{"start":{"line":18,"column":4},"end":{"line":18,"column":23}},"14":{"start":{"line":19,"column":4},"end":{"line":21,"column":71}},"15":{"start":{"line":25,"column":0},"end":{"line":44,"column":3}},"16":{"start":{"line":25,"column":67},"end":{"line":44,"column":2}},"17":{"start":{"line":27,"column":10},"end":{"line":27,"column":39}},"18":{"start":{"line":28,"column":10},"end":{"line":28,"column":35}},"19":{"start":{"line":29,"column":10},"end":{"line":29,"column":37}},"20":{"start":{"line":31,"column":21},"end":{"line":36,"column":null}},"21":{"start":{"line":31,"column":10},"end":{"line":36,"column":null}},"22":{"start":{"line":37,"column":4},"end":{"line":37,"column":26}},"23":{"start":{"line":38,"column":4},"end":{"line":38,"column":34}},"24":{"start":{"line":40,"column":4},"end":{"line":42,"column":7}}},"fnMap":{"0":{"name":"(anonymous_13)","decl":{"start":{"line":6,"column":32},"end":{"line":6,"column":39}},"loc":{"start":{"line":6,"column":66},"end":{"line":23,"column":2}}},"1":{"name":"(anonymous_14)","decl":{"start":{"line":6,"column":66},"end":{"line":6,"column":null}},"loc":{"start":{"line":6,"column":66},"end":{"line":23,"column":2}}},"2":{"name":"(anonymous_16)","decl":{"start":{"line":25,"column":33},"end":{"line":25,"column":40}},"loc":{"start":{"line":25,"column":67},"end":{"line":44,"column":2}}},"3":{"name":"(anonymous_17)","decl":{"start":{"line":25,"column":67},"end":{"line":25,"column":null}},"loc":{"start":{"line":25,"column":67},"end":{"line":44,"column":2}}}},"branchMap":{},"s":{"0":2,"1":2,"2":2,"3":2,"4":2,"5":0,"6":0,"7":0,"8":0,"9":0,"10":0,"11":0,"12":0,"13":0,"14":0,"15":2,"16":0,"17":0,"18":0,"19":0,"20":0,"21":0,"22":0,"23":0,"24":0},"f":{"0":0,"1":0,"2":0,"3":0},"b":{}}
,"D:\\programming\\chat-app\\backend\\src\\router\\users_route\\users_route.ts": {"path":"D:\\programming\\chat-app\\backend\\src\\router\\users_route\\users_route.ts","statementMap":{"0":{"start":{"line":1,"column":0},"end":{"line":1,"column":35}},"1":{"start":{"line":2,"column":0},"end":{"line":2,"column":54}},"2":{"start":{"line":4,"column":14},"end":{"line":4,"column":30}},"3":{"start":{"line":85,"column":9},"end":{"line":85,"column":14}},"4":{"start":{"line":6,"column":0},"end":{"line":6,"column":43}},"5":{"start":{"line":7,"column":0},"end":{"line":7,"column":49}},"6":{"start":{"line":8,"column":0},"end":{"line":8,"column":48}},"7":{"start":{"line":10,"column":0},"end":{"line":38,"column":3}},"8":{"start":{"line":10,"column":64},"end":{"line":38,"column":2}},"9":{"start":{"line":12,"column":10},"end":{"line":12,"column":41}},"10":{"start":{"line":13,"column":4},"end":{"line":13,"column":28}},"11":{"start":{"line":14,"column":10},"end":{"line":14,"column":30}},"12":{"start":{"line":16,"column":18},"end":{"line":18,"column":null}},"13":{"start":{"line":16,"column":10},"end":{"line":18,"column":null}},"14":{"start":{"line":19,"column":12},"end":{"line":19,"column":22}},"15":{"start":{"line":21,"column":4},"end":{"line":23,"column":null}},"16":{"start":{"line":22,"column":6},"end":{"line":22,"column":62}},"17":{"start":{"line":25,"column":4},"end":{"line":29,"column":9}},"18":{"start":{"line":26,"column":6},"end":{"line":29,"column":9}},"19":{"start":{"line":31,"column":4},"end":{"line":31,"column":52}},"20":{"start":{"line":33,"column":4},"end":{"line":36,"column":7}},"21":{"start":{"line":40,"column":0},"end":{"line":64,"column":3}},"22":{"start":{"line":40,"column":64},"end":{"line":64,"column":2}},"23":{"start":{"line":42,"column":12},"end":{"line":42,"column":22}},"24":{"start":{"line":43,"column":10},"end":{"line":43,"column":39}},"25":{"start":{"line":44,"column":4},"end":{"line":46,"column":null}},"26":{"start":{"line":45,"column":6},"end":{"line":45,"column":62}},"27":{"start":{"line":48,"column":18},"end":{"line":48,"column":null}},"28":{"start":{"line":48,"column":10},"end":{"line":48,"column":null}},"29":{"start":{"line":49,"column":4},"end":{"line":49,"column":78}},"30":{"start":{"line":49,"column":15},"end":{"line":49,"column":78}},"31":{"start":{"line":51,"column":10},"end":{"line":51,"column":73}},"32":{"start":{"line":53,"column":4},"end":{"line":53,"column":22}},"33":{"start":{"line":54,"column":4},"end":{"line":56,"column":62}},"34":{"start":{"line":58,"column":4},"end":{"line":62,"column":7}},"35":{"start":{"line":66,"column":0},"end":{"line":83,"column":3}},"36":{"start":{"line":66,"column":67},"end":{"line":83,"column":2}},"37":{"start":{"line":68,"column":10},"end":{"line":68,"column":41}},"38":{"start":{"line":69,"column":23},"end":{"line":69,"column":null}},"39":{"start":{"line":69,"column":10},"end":{"line":69,"column":null}},"40":{"start":{"line":70,"column":26},"end":{"line":72,"column":null}},"41":{"start":{"line":70,"column":10},"end":{"line":72,"column":null}},"42":{"start":{"line":73,"column":24},"end":{"line":75,"column":null}},"43":{"start":{"line":73,"column":10},"end":{"line":75,"column":null}},"44":{"start":{"line":76,"column":4},"end":{"line":76,"column":73}},"45":{"start":{"line":78,"column":4},"end":{"line":81,"column":7}}},"fnMap":{"0":{"name":"(anonymous_13)","decl":{"start":{"line":10,"column":30},"end":{"line":10,"column":37}},"loc":{"start":{"line":10,"column":64},"end":{"line":38,"column":2}}},"1":{"name":"(anonymous_14)","decl":{"start":{"line":10,"column":64},"end":{"line":10,"column":null}},"loc":{"start":{"line":10,"column":64},"end":{"line":38,"column":2}}},"2":{"name":"(anonymous_16)","decl":{"start":{"line":40,"column":30},"end":{"line":40,"column":37}},"loc":{"start":{"line":40,"column":64},"end":{"line":64,"column":2}}},"3":{"name":"(anonymous_17)","decl":{"start":{"line":40,"column":64},"end":{"line":40,"column":null}},"loc":{"start":{"line":40,"column":64},"end":{"line":64,"column":2}}},"4":{"name":"(anonymous_19)","decl":{"start":{"line":66,"column":33},"end":{"line":66,"column":40}},"loc":{"start":{"line":66,"column":67},"end":{"line":83,"column":2}}},"5":{"name":"(anonymous_20)","decl":{"start":{"line":66,"column":67},"end":{"line":66,"column":null}},"loc":{"start":{"line":66,"column":67},"end":{"line":83,"column":2}}}},"branchMap":{"0":{"loc":{"start":{"line":21,"column":4},"end":{"line":23,"column":null}},"type":"if","locations":[{"start":{"line":21,"column":4},"end":{"line":23,"column":null}}]},"1":{"loc":{"start":{"line":25,"column":4},"end":{"line":29,"column":9}},"type":"if","locations":[{"start":{"line":25,"column":4},"end":{"line":29,"column":9}}]},"2":{"loc":{"start":{"line":25,"column":8},"end":{"line":25,"column":27}},"type":"binary-expr","locations":[{"start":{"line":25,"column":8},"end":{"line":25,"column":14}},{"start":{"line":25,"column":18},"end":{"line":25,"column":27}}]},"3":{"loc":{"start":{"line":44,"column":4},"end":{"line":46,"column":null}},"type":"if","locations":[{"start":{"line":44,"column":4},"end":{"line":46,"column":null}}]},"4":{"loc":{"start":{"line":49,"column":4},"end":{"line":49,"column":78}},"type":"if","locations":[{"start":{"line":49,"column":4},"end":{"line":49,"column":78}}]}},"s":{"0":2,"1":2,"2":2,"3":2,"4":2,"5":2,"6":2,"7":2,"8":3,"9":3,"10":3,"11":3,"12":3,"13":3,"14":3,"15":3,"16":2,"17":1,"18":0,"19":1,"20":0,"21":2,"22":0,"23":0,"24":0,"25":0,"26":0,"27":0,"28":0,"29":0,"30":0,"31":0,"32":0,"33":0,"34":0,"35":2,"36":0,"37":0,"38":0,"39":0,"40":0,"41":0,"42":0,"43":0,"44":0,"45":0},"f":{"0":3,"1":3,"2":0,"3":0,"4":0,"5":0},"b":{"0":[2],"1":[0],"2":[1,1],"3":[0],"4":[0]}}
}
