TN:
SF:src\server.ts
FN:18,(anonymous_0)
FNF:1
FNH:0
FNDA:0,(anonymous_0)
DA:1,2
DA:2,2
DA:3,2
DA:4,2
DA:5,2
DA:6,2
DA:8,2
DA:9,2
DA:10,2
DA:12,2
DA:13,2
DA:15,2
DA:17,2
DA:18,0
DA:19,0
DA:23,2
LF:16
LH:14
BRDA:17,0,0,0
BRF:1
BRH:0
end_of_record
TN:
SF:src\connection\dbConnection.ts
FN:4,(anonymous_0)
FNF:1
FNH:1
FNDA:2,(anonymous_0)
DA:1,2
DA:2,2
DA:4,2
DA:5,2
DA:9,2
LF:5
LH:5
BRF:0
BRH:0
end_of_record
TN:
SF:src\connection\wsConnection.ts
FN:13,(anonymous_13)
FN:14,(anonymous_14)
FN:20,(anonymous_15)
FN:34,(anonymous_18)
FN:42,(anonymous_19)
FN:46,(anonymous_20)
FN:50,(anonymous_21)
FN:54,(anonymous_22)
FN:59,(anonymous_23)
FNF:9
FNH:0
FNDA:0,(anonymous_13)
FNDA:0,(anonymous_14)
FNDA:0,(anonymous_15)
FNDA:0,(anonymous_18)
FNDA:0,(anonymous_19)
FNDA:0,(anonymous_20)
FNDA:0,(anonymous_21)
FNDA:0,(anonymous_22)
FNDA:0,(anonymous_23)
DA:2,2
DA:3,2
DA:4,2
DA:5,0
DA:7,2
DA:13,2
DA:14,0
DA:15,0
DA:18,0
DA:21,0
DA:22,0
DA:23,0
DA:29,0
DA:32,0
DA:33,0
DA:34,0
DA:35,0
DA:42,0
DA:43,0
DA:46,0
DA:47,0
DA:50,0
DA:51,0
DA:54,0
DA:55,0
DA:56,0
DA:59,0
DA:60,0
DA:64,2
LF:29
LH:6
BRDA:4,0,0,0
BRDA:29,1,0,0
BRDA:55,2,0,0
BRF:3
BRH:0
end_of_record
TN:
SF:src\helpers\schema.ts
FN:3,(anonymous_0)
FNF:1
FNH:1
FNDA:3,(anonymous_0)
DA:1,2
DA:3,2
DA:4,3
DA:7,3
DA:10,2
LF:5
LH:5
BRF:0
BRH:0
end_of_record
TN:
SF:src\models\Invites.model.ts
FNF:0
FNH:0
DA:1,2
DA:9,2
DA:26,2
DA:27,2
LF:4
LH:4
BRF:0
BRH:0
end_of_record
TN:
SF:src\models\Message.model.ts
FNF:0
FNH:0
DA:1,2
DA:9,2
DA:23,2
DA:24,2
LF:4
LH:4
BRF:0
BRH:0
end_of_record
TN:
SF:src\models\User.model.ts
FNF:0
FNH:0
DA:1,2
DA:7,2
DA:16,2
DA:17,2
LF:4
LH:4
BRF:0
BRH:0
end_of_record
TN:
SF:src\models\chatRoom.model.ts
FNF:0
FNH:0
DA:1,2
DA:7,2
DA:11,2
DA:12,2
LF:4
LH:4
BRF:0
BRH:0
end_of_record
TN:
SF:src\router\router.ts
FNF:0
FNH:0
DA:1,2
DA:2,2
DA:4,2
DA:5,2
DA:6,2
DA:7,2
DA:9,2
DA:10,2
DA:11,2
DA:12,2
DA:14,2
LF:11
LH:11
BRF:0
BRH:0
end_of_record
TN:
SF:src\router\chatRoom_route\chatRoom_route.ts
FN:5,(anonymous_13)
FN:5,(anonymous_14)
FN:21,(anonymous_16)
FN:21,(anonymous_17)
FNF:4
FNH:0
FNDA:0,(anonymous_13)
FNDA:0,(anonymous_14)
FNDA:0,(anonymous_16)
FNDA:0,(anonymous_17)
DA:1,2
DA:3,2
DA:4,2
DA:5,2
DA:7,0
DA:8,0
DA:9,0
DA:10,0
DA:11,0
DA:13,0
DA:21,2
DA:23,0
DA:25,0
DA:26,0
DA:27,0
DA:28,0
DA:30,0
DA:70,2
LF:18
LH:6
BRDA:7,0,0,0
BRDA:7,0,1,0
BRDA:7,1,0,0
BRDA:7,1,1,0
BRDA:9,2,0,0
BRDA:26,3,0,0
BRDA:26,4,0,0
BRDA:26,4,1,0
BRF:8
BRH:0
end_of_record
TN:
SF:src\router\invite_route\invite_route.ts
FN:8,(anonymous_13)
FN:8,(anonymous_14)
FN:39,(anonymous_16)
FN:39,(anonymous_17)
FN:70,(anonymous_19)
FN:70,(anonymous_20)
FN:100,(anonymous_22)
FN:100,(anonymous_23)
FN:130,(anonymous_25)
FN:130,(anonymous_26)
FNF:10
FNH:2
FNDA:1,(anonymous_13)
FNDA:1,(anonymous_14)
FNDA:0,(anonymous_16)
FNDA:0,(anonymous_17)
FNDA:0,(anonymous_19)
FNDA:0,(anonymous_20)
FNDA:0,(anonymous_22)
FNDA:0,(anonymous_23)
FNDA:0,(anonymous_25)
FNDA:0,(anonymous_26)
DA:1,2
DA:3,2
DA:4,2
DA:5,2
DA:6,2
DA:8,2
DA:10,1
DA:11,1
DA:13,1
DA:14,2
DA:15,0
DA:19,2
DA:23,1
DA:24,0
DA:29,1
DA:31,0
DA:39,2
DA:41,0
DA:42,0
DA:44,0
DA:45,0
DA:46,0
DA:50,0
DA:54,0
DA:55,0
DA:60,0
DA:62,0
DA:70,2
DA:72,0
DA:73,0
DA:74,0
DA:78,0
DA:79,0
DA:82,0
DA:90,0
DA:92,0
DA:100,2
DA:102,0
DA:103,0
DA:104,0
DA:105,0
DA:111,0
DA:112,0
DA:115,0
DA:119,0
DA:120,0
DA:122,0
DA:130,2
DA:132,0
DA:136,0
DA:137,0
DA:140,0
DA:147,0
DA:148,0
DA:150,0
DA:151,0
DA:153,0
DA:158,0
DA:160,0
DA:162,0
DA:170,2
LF:61
LH:18
BRDA:19,0,0,1
BRDA:14,1,0,1
BRDA:23,2,0,0
BRDA:23,3,0,1
BRDA:23,3,1,1
BRDA:50,4,0,0
BRDA:45,5,0,0
BRDA:54,6,0,0
BRDA:54,7,0,0
BRDA:54,7,1,0
BRDA:78,8,0,0
BRDA:78,9,0,0
BRDA:78,9,1,0
BRDA:111,10,0,0
BRDA:136,11,0,0
BRDA:147,12,0,0
BRDA:150,13,0,0
BRF:17
BRH:4
end_of_record
TN:
SF:src\router\messages_route\messages.ts
FN:6,(anonymous_13)
FN:6,(anonymous_14)
FN:25,(anonymous_16)
FN:25,(anonymous_17)
FNF:4
FNH:0
FNDA:0,(anonymous_13)
FNDA:0,(anonymous_14)
FNDA:0,(anonymous_16)
FNDA:0,(anonymous_17)
DA:1,2
DA:3,2
DA:4,2
DA:6,2
DA:8,0
DA:9,0
DA:10,0
DA:11,0
DA:15,0
DA:16,0
DA:18,0
DA:19,0
DA:25,2
DA:27,0
DA:28,0
DA:29,0
DA:31,0
DA:37,0
DA:38,0
DA:40,0
DA:46,2
LF:21
LH:6
BRF:0
BRH:0
end_of_record
TN:
SF:src\router\users_route\users_route.ts
FN:10,(anonymous_13)
FN:10,(anonymous_14)
FN:40,(anonymous_16)
FN:40,(anonymous_17)
FN:66,(anonymous_19)
FN:66,(anonymous_20)
FNF:6
FNH:2
FNDA:3,(anonymous_13)
FNDA:3,(anonymous_14)
FNDA:0,(anonymous_16)
FNDA:0,(anonymous_17)
FNDA:0,(anonymous_19)
FNDA:0,(anonymous_20)
DA:1,2
DA:2,2
DA:4,2
DA:6,2
DA:7,2
DA:8,2
DA:10,3
DA:12,3
DA:13,3
DA:14,3
DA:16,3
DA:19,3
DA:21,3
DA:22,2
DA:25,1
DA:26,0
DA:31,1
DA:33,0
DA:40,2
DA:42,0
DA:43,0
DA:44,0
DA:45,0
DA:48,0
DA:49,0
DA:51,0
DA:53,0
DA:54,0
DA:58,0
DA:66,2
DA:68,0
DA:69,0
DA:70,0
DA:73,0
DA:76,0
DA:78,0
DA:85,2
LF:37
LH:19
BRDA:21,0,0,2
BRDA:25,1,0,0
BRDA:25,2,0,1
BRDA:25,2,1,1
BRDA:44,3,0,0
BRDA:49,4,0,0
BRF:6
BRH:3
end_of_record
